<?xml version="1.0" encoding="UTF-8"?>
<testng-results ignored="0" total="1" passed="1" failed="0" skipped="0">
  <reporter-output>
  </reporter-output>
  <suite started-at="2024-10-18T02:00:51 GMT-07:00" name="Default suite" finished-at="2024-10-18T02:01:00 GMT-07:00" duration-ms="8852">
    <groups>
    </groups>
    <test started-at="2024-10-18T02:00:51 GMT-07:00" name="Default test" finished-at="2024-10-18T02:01:00 GMT-07:00" duration-ms="8852">
      <class name="day1.FirstTest">
        <test-method signature="m1()[pri:0, instance:day1.FirstTest@4efbca5a]" started-at="2024-10-18T02:00:51 GMT-07:00" name="m1" finished-at="2024-10-18T02:01:00 GMT-07:00" duration-ms="8754" status="PASS">
          <reporter-output>
          </reporter-output>
        </test-method> <!-- m1 -->
      </class> <!-- day1.FirstTest -->
    </test> <!-- Default test -->
  </suite> <!-- Default suite -->
</testng-results>
